<?xml version="1.0" encoding="UTF-8"?>
<!-- Generated by org.testng.reporters.JUnitReportReporter -->
<testsuite hostname="DESKTOP-1DRG44F" failures="0" tests="1" name="testPackage.RemoveProductFromCartTest" time="6.621" errors="0" timestamp="2025-06-09T18:00:01 IST" skipped="0">
  <testcase classname="testPackage.RemoveProductFromCartTest" name="removeProductFromCartTC_003" time="6.621">
    <system-out>
      <![CDATA[[TestCase -- removeProductFromCartTC_003 Started]
[TestCase --removeProductFromCartTC_003 Successfully Executed]]]>
    </system-out>
  </testcase> <!-- removeProductFromCartTC_003 -->
  <system-out>
    <![CDATA[<test>--Test has started execution
[TestCase -- addToCartTC_001 Started]
Product is added to cart !!!
[TestCase --addToCartTC_001 Successfully Executed]
[TestCase -- removeProductFromCartTC_003 Started]
[TestCase --removeProductFromCartTC_003 Successfully Executed]
[TestCase -- buyProductTC_002 Started]
Order is Placed Successfully !!!
[TestCase --buyProductTC_002 Successfully Executed]]]>
  </system-out>
</testsuite> <!-- testPackage.RemoveProductFromCartTest -->
