<?xml version="1.0" encoding="UTF-8"?>
<!-- Generated by org.testng.reporters.JUnitReportReporter -->
<testsuite hostname="DESKTOP-1DRG44F" failures="0" tests="1" name="testPackage.AddToCartTest" time="8.175" errors="0" timestamp="2025-06-04T19:40:42 IST" skipped="0">
  <testcase classname="testPackage.AddToCartTest" name="addToCartTC_001" time="8.175">
    <system-out>
      <![CDATA[[TestCase -- addToCartTC_001 Started]
Product is added to cart !!!
[TestCase --addToCartTC_001 Successfully Executed]]]>
    </system-out>
  </testcase> <!-- addToCartTC_001 -->
  <system-out>
    <![CDATA[<test>--Default test has started execution
[TestCase -- addToCartTC_001 Started]
Product is added to cart !!!
[TestCase --addToCartTC_001 Successfully Executed]]]>
  </system-out>
</testsuite> <!-- testPackage.AddToCartTest -->
