<?xml version="1.0" encoding="UTF-8"?>
<!-- Generated by org.testng.reporters.JUnitReportReporter -->
<testsuite hostname="DESKTOP-1DRG44F" failures="0" tests="1" name="testNGBikes.RoyalEnfieldBikesTC" time="19.707" errors="0" timestamp="2025-05-27T18:54:21 IST" skipped="0">
  <testcase classname="testNGBikes.RoyalEnfieldBikesTC" name="royalEnfield" time="19.707"/>
</testsuite> <!-- testNGBikes.RoyalEnfieldBikesTC -->
