<?xml version="1.0" encoding="UTF-8"?>
<!-- Generated by org.testng.reporters.JUnitReportReporter -->
<testsuite hostname="DESKTOP-1DRG44F" failures="0" tests="1" name="testNGCars.BMWTC" time="14.447" errors="0" timestamp="2025-05-27T19:56:11 IST" skipped="0">
  <testcase classname="testNGCars.BMWTC" name="bmw" time="14.447"/>
</testsuite> <!-- testNGCars.BMWTC -->
