<?xml version="1.0" encoding="UTF-8"?>
<!-- Generated by org.testng.reporters.JUnitReportReporter -->
<testsuite hostname="DESKTOP-1DRG44F" failures="0" tests="3" name="testNGHelperAttributes.InvocationCountAttribute" time="0.027" errors="0" timestamp="2025-05-23T19:11:33 IST" skipped="0">
  <testcase classname="testNGHelperAttributes.InvocationCountAttribute" name="addToCart" time="0.013">
    <system-out>
      <![CDATA[This is Add To Cart Method]]>
    </system-out>
  </testcase> <!-- addToCart -->
  <testcase classname="testNGHelperAttributes.InvocationCountAttribute" name="register" time="0.004">
    <system-out>
      <![CDATA[This is register method]]>
    </system-out>
  </testcase> <!-- register -->
  <testcase classname="testNGHelperAttributes.InvocationCountAttribute" name="addToCart" time="0.010">
    <system-out>
      <![CDATA[This is Add To Cart Method]]>
    </system-out>
  </testcase> <!-- addToCart -->
  <system-out>
    <![CDATA[This is Add To Cart Method
This is Add To Cart Method
This is register method]]>
  </system-out>
</testsuite> <!-- testNGHelperAttributes.InvocationCountAttribute -->
