<?xml version="1.0" encoding="UTF-8"?>
<!-- Generated by org.testng.reporters.JUnitReportReporter -->
<testsuite hostname="DESKTOP-1DRG44F" failures="0" tests="1" name="testNGHelperAttributes.TimeOutHelperAttribute" time="5.113" errors="0" timestamp="2025-05-26T19:02:38 IST" skipped="0">
  <testcase classname="testNGHelperAttributes.TimeOutHelperAttribute" name="zomato" time="5.113"/>
</testsuite> <!-- testNGHelperAttributes.TimeOutHelperAttribute -->
