<?xml version="1.0" encoding="UTF-8"?>
<!-- Generated by org.testng.reporters.JUnitReportReporter -->
<testsuite hostname="DESKTOP-1DRG44F" failures="0" tests="3" name="testNGHelperAttributes.PriorityHelperAttribute" time="0.020" errors="0" timestamp="2025-05-23T19:25:33 IST" skipped="0">
  <testcase classname="testNGHelperAttributes.PriorityHelperAttribute" name="register" time="0.011">
    <system-out>
      <![CDATA[This is Register Method]]>
    </system-out>
  </testcase> <!-- register -->
  <testcase classname="testNGHelperAttributes.PriorityHelperAttribute" name="login" time="0.005">
    <system-out>
      <![CDATA[This is Login Method]]>
    </system-out>
  </testcase> <!-- login -->
  <testcase classname="testNGHelperAttributes.PriorityHelperAttribute" name="addToCart" time="0.004">
    <system-out>
      <![CDATA[This is Add To Cart Method]]>
    </system-out>
  </testcase> <!-- addToCart -->
  <system-out>
    <![CDATA[This is Register Method
This is Login Method
This is Add To Cart Method]]>
  </system-out>
</testsuite> <!-- testNGHelperAttributes.PriorityHelperAttribute -->
