<?xml version="1.0" encoding="UTF-8"?>
<!-- Generated by org.testng.reporters.JUnitReportReporter -->
<testsuite hostname="DESKTOP-1DRG44F" failures="0" tests="1" name="testNGAnnotations2.RemoveProductFromCartTC" time="8.611" errors="0" timestamp="2025-05-29T18:59:42 IST" skipped="0">
  <testcase classname="testNGAnnotations2.RemoveProductFromCartTC" name="removeProductFromCartTC_003" time="8.611"/>
</testsuite> <!-- testNGAnnotations2.RemoveProductFromCartTC -->
