<?xml version="1.0" encoding="UTF-8"?>
<!-- Generated by org.testng.reporters.JUnitReportReporter -->
<testsuite hostname="DESKTOP-1DRG44F" failures="0" tests="5" name="testNGDataProvider.DataProvider1" time="43.389" errors="0" timestamp="2025-05-30T19:51:04 IST" skipped="0">
  <testcase classname="testNGDataProvider.DataProvider1" name="invalidLogin" time="7.397"/>
  <testcase classname="testNGDataProvider.DataProvider1" name="invalidLogin" time="8.526"/>
  <testcase classname="testNGDataProvider.DataProvider1" name="invalidLogin" time="7.781"/>
  <testcase classname="testNGDataProvider.DataProvider1" name="invalidLogin" time="7.341"/>
  <testcase classname="testNGDataProvider.DataProvider1" name="invalidLogin" time="12.344"/>
</testsuite> <!-- testNGDataProvider.DataProvider1 -->
