<?xml version="1.0" encoding="UTF-8"?>
<!-- Generated by org.testng.reporters.JUnitReportReporter -->
<testsuite hostname="DESKTOP-1DRG44F" failures="0" tests="1" name="testNGCars.MercedesTC" time="6.395" errors="0" timestamp="2025-05-27T19:56:47 IST" skipped="0">
  <testcase classname="testNGCars.MercedesTC" name="mercedes" time="6.395"/>
</testsuite> <!-- testNGCars.MercedesTC -->
