<?xml version="1.0" encoding="UTF-8"?>
<!-- Generated by org.testng.reporters.JUnitReportReporter -->
<testsuite hostname="DESKTOP-1DRG44F" failures="0" tests="2" name="testNGHelperAttributes.EnabledHelperAttribute" time="6.666" errors="0" timestamp="2025-05-23T20:09:23 IST" skipped="1">
  <testcase classname="testNGHelperAttributes.EnabledHelperAttribute" name="launchInstagram" time="6.666">
    <system-out>
      <![CDATA[Instagram is Launched !!]]>
    </system-out>
  </testcase> <!-- launchInstagram -->
  <testcase classname="testNGHelperAttributes.EnabledHelperAttribute" name="launchFacebook">
    <skipped/>
  </testcase> <!-- launchFacebook -->
  <system-out>
    <![CDATA[Instagram is Launched !!]]>
  </system-out>
</testsuite> <!-- testNGHelperAttributes.EnabledHelperAttribute -->
