<?xml version="1.0" encoding="UTF-8"?>
<!-- Generated by org.testng.reporters.JUnitReportReporter -->
<testsuite hostname="DESKTOP-1DRG44F" failures="0" tests="10" name="testNGHelperAttributes.ThreadPoolSizeHelperAttribute" time="110.042" errors="0" timestamp="2025-05-23T20:01:06 IST" skipped="0">
  <testcase classname="testNGHelperAttributes.ThreadPoolSizeHelperAttribute" name="launchSelenium" time="5.411">
    <system-out>
      <![CDATA[Selenium.dev is Launched !!]]>
    </system-out>
  </testcase> <!-- launchSelenium -->
  <testcase classname="testNGHelperAttributes.ThreadPoolSizeHelperAttribute" name="launchSelenium" time="5.023">
    <system-out>
      <![CDATA[Selenium.dev is Launched !!]]>
    </system-out>
  </testcase> <!-- launchSelenium -->
  <testcase classname="testNGHelperAttributes.ThreadPoolSizeHelperAttribute" name="launchJavaTPoint" time="12.799">
    <system-out>
      <![CDATA[Java TPoint is Launched!!!]]>
    </system-out>
  </testcase> <!-- launchJavaTPoint -->
  <testcase classname="testNGHelperAttributes.ThreadPoolSizeHelperAttribute" name="launchJavaTPoint" time="21.805">
    <system-out>
      <![CDATA[Java TPoint is Launched!!!]]>
    </system-out>
  </testcase> <!-- launchJavaTPoint -->
  <testcase classname="testNGHelperAttributes.ThreadPoolSizeHelperAttribute" name="launchSelenium" time="5.805">
    <system-out>
      <![CDATA[Selenium.dev is Launched !!]]>
    </system-out>
  </testcase> <!-- launchSelenium -->
  <testcase classname="testNGHelperAttributes.ThreadPoolSizeHelperAttribute" name="launchSelenium" time="5.792">
    <system-out>
      <![CDATA[Selenium.dev is Launched !!]]>
    </system-out>
  </testcase> <!-- launchSelenium -->
  <testcase classname="testNGHelperAttributes.ThreadPoolSizeHelperAttribute" name="launchJavaTPoint" time="12.758">
    <system-out>
      <![CDATA[Java TPoint is Launched!!!]]>
    </system-out>
  </testcase> <!-- launchJavaTPoint -->
  <testcase classname="testNGHelperAttributes.ThreadPoolSizeHelperAttribute" name="launchSelenium" time="5.029">
    <system-out>
      <![CDATA[Selenium.dev is Launched !!]]>
    </system-out>
  </testcase> <!-- launchSelenium -->
  <testcase classname="testNGHelperAttributes.ThreadPoolSizeHelperAttribute" name="launchJavaTPoint" time="13.947">
    <system-out>
      <![CDATA[Java TPoint is Launched!!!]]>
    </system-out>
  </testcase> <!-- launchJavaTPoint -->
  <testcase classname="testNGHelperAttributes.ThreadPoolSizeHelperAttribute" name="launchJavaTPoint" time="21.673">
    <system-out>
      <![CDATA[Java TPoint is Launched!!!]]>
    </system-out>
  </testcase> <!-- launchJavaTPoint -->
  <system-out>
    <![CDATA[Java TPoint is Launched!!!
Java TPoint is Launched!!!
Java TPoint is Launched!!!
Java TPoint is Launched!!!
Java TPoint is Launched!!!
Selenium.dev is Launched !!
Selenium.dev is Launched !!
Selenium.dev is Launched !!
Selenium.dev is Launched !!
Selenium.dev is Launched !!]]>
  </system-out>
</testsuite> <!-- testNGHelperAttributes.ThreadPoolSizeHelperAttribute -->
