<?xml version="1.0" encoding="UTF-8"?>
<!-- Generated by org.testng.reporters.JUnitReportReporter -->
<testsuite hostname="DESKTOP-1DRG44F" failures="0" tests="5" name="testNGDataProvider.ExcelDataProvider" time="42.857" errors="0" timestamp="2025-05-31T20:16:02 IST" skipped="0">
  <testcase classname="testNGDataProvider.ExcelDataProvider" name="invalidLogin" time="8.668"/>
  <testcase classname="testNGDataProvider.ExcelDataProvider" name="invalidLogin" time="7.692"/>
  <testcase classname="testNGDataProvider.ExcelDataProvider" name="invalidLogin" time="11.198"/>
  <testcase classname="testNGDataProvider.ExcelDataProvider" name="invalidLogin" time="7.693"/>
  <testcase classname="testNGDataProvider.ExcelDataProvider" name="invalidLogin" time="7.606"/>
</testsuite> <!-- testNGDataProvider.ExcelDataProvider -->
