<?xml version="1.0" encoding="UTF-8"?>
<!-- Generated by org.testng.reporters.JUnitReportReporter -->
<testsuite hostname="DESKTOP-1DRG44F" failures="0" tests="2" name="testNGCars.AstonMartinCrossBrowser" time="29.003" errors="0" timestamp="2025-05-28T18:53:50 IST" skipped="0">
  <testcase classname="testNGCars.AstonMartinCrossBrowser" name="astonMartinTC" time="17.796"/>
  <testcase classname="testNGCars.AstonMartinCrossBrowser" name="astonMartinTC" time="11.207"/>
</testsuite> <!-- testNGCars.AstonMartinCrossBrowser -->
