<?xml version="1.0" encoding="UTF-8"?>
<!-- Generated by org.testng.reporters.JUnitReportReporter -->
<testsuite hostname="DESKTOP-1DRG44F" failures="0" tests="1" name="testNGAnnotations2.BuyProductTC" time="17.355" errors="0" timestamp="2025-05-29T18:47:53 IST" skipped="0">
  <testcase classname="testNGAnnotations2.BuyProductTC" name="buyProductTC_002" time="17.355"/>
</testsuite> <!-- testNGAnnotations2.BuyProductTC -->
