<?xml version="1.0" encoding="UTF-8"?>
<!-- Generated by org.testng.reporters.JUnitReportReporter -->
<testsuite hostname="DESKTOP-1DRG44F" failures="0" tests="3" name="testNGAnnotations.ConfigurationAnnotations" time="0.027" errors="0" timestamp="2025-05-28T19:38:21 IST" skipped="0">
  <testcase classname="testNGAnnotations.ConfigurationAnnotations" name="testMethod1" time="0.012">
    <system-out>
      <![CDATA[This Is Test Method 1]]>
    </system-out>
  </testcase> <!-- testMethod1 -->
  <testcase classname="testNGAnnotations.ConfigurationAnnotations" name="testMethod2" time="0.007">
    <system-out>
      <![CDATA[This Is Test Method 2]]>
    </system-out>
  </testcase> <!-- testMethod2 -->
  <testcase classname="testNGAnnotations.ConfigurationAnnotations" name="testMethod3" time="0.008">
    <system-out>
      <![CDATA[This Is Test Method 3]]>
    </system-out>
  </testcase> <!-- testMethod3 -->
  <system-out>
    <![CDATA[This Is Before Suite
This Is Before Test
This Is Before Class
This Is Before Method
This Is Test Method 1
This Is After Method
This Is Before Method
This Is Test Method 2
This Is After Method
This Is Before Method
This Is Test Method 3
This Is After Method
This Is After Class
This Is After Test
This Is After Suite]]>
  </system-out>
</testsuite> <!-- testNGAnnotations.ConfigurationAnnotations -->
