<?xml version="1.0" encoding="UTF-8"?>
<!-- Generated by org.testng.reporters.JUnitReportReporter -->
<testsuite hostname="DESKTOP-1DRG44F" failures="0" tests="5" name="testNGDataProvider.DataProviderUsingExcel" time="65.155" errors="0" timestamp="2025-05-31T17:18:35 IST" skipped="0">
  <testcase classname="testNGDataProvider.DataProviderUsingExcel" name="invalidLogin" time="12.492"/>
  <testcase classname="testNGDataProvider.DataProviderUsingExcel" name="invalidLogin" time="13.894"/>
  <testcase classname="testNGDataProvider.DataProviderUsingExcel" name="invalidLogin" time="11.913"/>
  <testcase classname="testNGDataProvider.DataProviderUsingExcel" name="invalidLogin" time="11.856"/>
  <testcase classname="testNGDataProvider.DataProviderUsingExcel" name="invalidLogin" time="15.000"/>
</testsuite> <!-- testNGDataProvider.DataProviderUsingExcel -->
