<?xml version="1.0" encoding="UTF-8"?>
<!-- Generated by org.testng.reporters.JUnitReportReporter -->
<testsuite hostname="DESKTOP-1DRG44F" failures="0" tests="1" name="testNGBikes.HarleyDavidsonBikesTC" time="13.708" errors="0" timestamp="2025-05-27T19:56:11 IST" skipped="0">
  <testcase classname="testNGBikes.HarleyDavidsonBikesTC" name="harley" time="13.708"/>
</testsuite> <!-- testNGBikes.HarleyDavidsonBikesTC -->
