<?xml version="1.0" encoding="UTF-8"?>
<!-- Generated by org.testng.reporters.JUnitReportReporter -->
<testsuite hostname="DESKTOP-1DRG44F" failures="0" tests="1" name="testNGBikes.YamahaBikesTC" time="10.240" errors="0" timestamp="2025-05-27T19:56:47 IST" skipped="0">
  <testcase classname="testNGBikes.YamahaBikesTC" name="yamaha" time="10.240"/>
</testsuite> <!-- testNGBikes.YamahaBikesTC -->
