<?xml version="1.0" encoding="UTF-8"?>
<!-- Generated by org.testng.reporters.JUnitReportReporter -->
<testsuite hostname="DESKTOP-1DRG44F" failures="0" tests="1" name="testNGBikes.HondaBikesTC" time="6.062" errors="0" timestamp="2025-05-27T19:13:27 IST" skipped="0">
  <testcase classname="testNGBikes.HondaBikesTC" name="honda" time="6.062"/>
</testsuite> <!-- testNGBikes.HondaBikesTC -->
