<?xml version="1.0" encoding="UTF-8"?>
<!-- Generated by org.testng.reporters.JUnitReportReporter -->
<testsuite hostname="DESKTOP-1DRG44F" failures="0" tests="1" name="testNGCars.BugatiTC" time="8.461" errors="0" timestamp="2025-05-27T19:13:27 IST" skipped="0">
  <testcase classname="testNGCars.BugatiTC" name="bugati" time="8.461"/>
</testsuite> <!-- testNGCars.BugatiTC -->
